Crashlog created at 2019-03-10 16:26:21 -0500

===== MESSAGE:

Nanoc::Int::ConfigLoader::NoConfigFileFoundError: No configuration file found

===== STACK TRACE:

  0. /var/lib/gems/2.3.0/gems/nanoc-4.9.2/lib/nanoc/base/repos/config_loader.rb:44:in `new_from_cwd'
  1. /var/lib/gems/2.3.0/gems/nanoc-4.9.2/lib/nanoc/cli/commands/view.rb:23:in `run'
  2. /var/lib/gems/2.3.0/gems/nanoc-4.9.2/lib/nanoc/cli/command_runner.rb:14:in `block in call'
  3. /var/lib/gems/2.3.0/gems/nanoc-4.9.2/lib/nanoc/cli/error_handler.rb:15:in `block in handle_while'
  4. /var/lib/gems/2.3.0/gems/nanoc-4.9.2/lib/nanoc/cli/error_handler.rb:57:in `handle_while'
  5. /var/lib/gems/2.3.0/gems/nanoc-4.9.2/lib/nanoc/cli/error_handler.rb:15:in `handle_while'
  6. /var/lib/gems/2.3.0/gems/nanoc-4.9.2/lib/nanoc/cli/command_runner.rb:13:in `call'
  7. /var/lib/gems/2.3.0/gems/cri-2.10.1/lib/cri/command_dsl.rb:256:in `block in runner'
  8. /var/lib/gems/2.3.0/gems/cri-2.10.1/lib/cri/command.rb:329:in `run_this'
  9. /var/lib/gems/2.3.0/gems/cri-2.10.1/lib/cri/command.rb:269:in `run'
  10. /var/lib/gems/2.3.0/gems/cri-2.10.1/lib/cri/command.rb:287:in `run'
  11. /var/lib/gems/2.3.0/gems/nanoc-4.9.2/lib/nanoc/cli.rb:63:in `block in run'
  12. /var/lib/gems/2.3.0/gems/nanoc-4.9.2/lib/nanoc/cli/error_handler.rb:15:in `block in handle_while'
  13. /var/lib/gems/2.3.0/gems/nanoc-4.9.2/lib/nanoc/cli/error_handler.rb:57:in `handle_while'
  14. /var/lib/gems/2.3.0/gems/nanoc-4.9.2/lib/nanoc/cli/error_handler.rb:15:in `handle_while'
  15. /var/lib/gems/2.3.0/gems/nanoc-4.9.2/lib/nanoc/cli.rb:61:in `run'
  16. /var/lib/gems/2.3.0/gems/nanoc-4.9.2/bin/nanoc:18:in `<top (required)>'
  17. /usr/local/bin/nanoc:23:in `load'

===== VERSION INFORMATION:

Nanoc 4.9.2 © 2007-2018 Denis Defreyne.
Running ruby 2.3.1 (2016-04-26) on x86_64-linux-gnu with RubyGems 2.5.2.1.

===== SYSTEM INFORMATION:

Linux shining-Lenovo-Z50-70 4.15.0-46-generic #49~16.04.1-Ubuntu SMP Tue Feb 12 17:45:24 UTC 2019 x86_64 x86_64 x86_64 GNU/Linux

===== INSTALLED GEMS:

  activesupport 4.2.9
  addressable 2.5.1, 2.5.2
  adsf 1.4.1
  albino 1.3.3
  bigdecimal 1.2.8
  bundler 1.16.4
  coderay 1.1.2
  colorator 1.1.0
  colored 1.2
  concurrent-ruby 1.0.5
  cri 2.10.1
  ddmemoize 1.0.0
  ddmetrics 1.0.0
  ddplugin 1.0.2
  did_you_mean 1.0.0
  em-websocket 0.5.1
  eventmachine 1.2.3
  ffi 1.9.18
  forwardable-extended 2.6.0
  hamster 3.0.0
  hawkins 2.0.5
  html-pipeline 2.6.0
  http_parser.rb 0.6.0
  i18n 0.8.6
  io-console 0.4.5
  jekyll 3.5.0
  jekyll-feed 0.9.2
  jekyll-mentions 1.2.0
  jekyll-paginate 1.1.0
  jekyll-redirect-from 0.12.1
  jekyll-sass-converter 1.5.0
  jekyll-seo-tag 2.5.0
  jekyll-sitemap 1.1.1
  jekyll-watch 1.5.0
  json 1.8.3
  kramdown 1.14.0, 1.17.0
  liquid 4.0.0
  listen 3.0.8
  mercenary 0.3.6
  mini_portile2 2.2.0, 2.3.0
  minitest 5.8.4, 5.10.2
  multi_json 1.13.1
  nanoc 4.9.2
  net-telnet 0.1.1
  nokogiri 1.8.4
  parallel 1.12.1
  pathutil 0.14.0
  posix-spawn 0.3.13
  power_assert 0.2.7
  psych 2.0.17
  public_suffix 2.0.5, 3.0.2
  pygments.rb 1.2.1
  rack 2.0.5
  rake 10.5.0
  rb-fsevent 0.10.2
  rb-inotify 0.9.10
  rdoc 4.2.1
  ref 2.0.0
  rouge 1.11.1
  ruby 0.1.0
  safe_yaml 1.0.4
  sass 3.5.0
  sass-listen 3.0.7
  slow_enumerator_tools 1.1.0
  test-unit 3.1.7
  thread_safe 0.3.6
  tomlrb 1.2.6
  type-on-strap 0.6.0
  tzinfo 1.2.3
  vim-addon-manager 0.5.3

===== GEMFILE.LOCK:

PATH
  remote: .
  specs:
    type-on-strap (0.6.1)
      jekyll (~> 3.3)
      jekyll-paginate (~> 1.1)
      jekyll-seo-tag (~> 2.3)

GEM
  remote: https://rubygems.org/
  specs:
    addressable (2.5.2)
      public_suffix (>= 2.0.2, < 4.0)
    colorator (1.1.0)
    ffi (1.9.18)
    forwardable-extended (2.6.0)
    jekyll (3.5.0)
      addressable (~> 2.4)
      colorator (~> 1.0)
      jekyll-sass-converter (~> 1.0)
      jekyll-watch (~> 1.1)
      kramdown (~> 1.3)
      liquid (~> 4.0)
      mercenary (~> 0.3.3)
      pathutil (~> 0.9)
      rouge (~> 1.7)
      safe_yaml (~> 1.0)
    jekyll-paginate (1.1.0)
    jekyll-sass-converter (1.5.0)
      sass (~> 3.4)
    jekyll-seo-tag (2.5.0)
      jekyll (~> 3.3)
    jekyll-watch (1.5.0)
      listen (~> 3.0, < 3.1)
    kramdown (1.17.0)
    liquid (4.0.0)
    listen (3.0.8)
      rb-fsevent (~> 0.9, >= 0.9.4)
      rb-inotify (~> 0.9, >= 0.9.7)
    mercenary (0.3.6)
    pathutil (0.14.0)
      forwardable-extended (~> 2.6)
    public_suffix (3.0.2)
    rake (10.5.0)
    rb-fsevent (0.10.2)
    rb-inotify (0.9.10)
      ffi (>= 0.5.0, < 2)
    rouge (1.11.1)
    safe_yaml (1.0.4)
    sass (3.5.0)
      sass-listen (~> 3.0.7)
    sass-listen (3.0.7)
      rb-fsevent (>= 0.9.3)
      rb-inotify (>= 0.9.7)

PLATFORMS
  ruby

DEPENDENCIES
  bundler (~> 1.12)
  rake (~> 10.0)
  type-on-strap!

BUNDLED WITH
   1.16.4

===== LOAD PATHS:

  0. /var/lib/gems/2.3.0/gems/ref-2.0.0/lib
  1. /var/lib/gems/2.3.0/gems/colored-1.2/lib
  2. /var/lib/gems/2.3.0/gems/cri-2.10.1/lib
  3. /var/lib/gems/2.3.0/gems/ddmetrics-1.0.0/lib
  4. /var/lib/gems/2.3.0/gems/ref-2.0.0/lib
  5. /var/lib/gems/2.3.0/gems/ddmemoize-1.0.0/lib
  6. /var/lib/gems/2.3.0/gems/ddplugin-1.0.2/lib
  7. /var/lib/gems/2.3.0/gems/concurrent-ruby-1.0.5/lib
  8. /var/lib/gems/2.3.0/gems/hamster-3.0.0/lib
  9. /var/lib/gems/2.3.0/gems/parallel-1.12.1/lib
  10. /var/lib/gems/2.3.0/gems/slow_enumerator_tools-1.1.0/lib
  11. /var/lib/gems/2.3.0/gems/tomlrb-1.2.6/lib
  12. /var/lib/gems/2.3.0/gems/nanoc-4.9.2/lib
  13. /var/lib/gems/2.3.0/gems/addressable-2.5.2/lib
  14. /var/lib/gems/2.3.0/gems/public_suffix-3.0.2/lib
  15. /var/lib/gems/2.3.0/gems/rack-2.0.5/lib
  16. /var/lib/gems/2.3.0/gems/adsf-1.4.1/lib
  17. /usr/local/lib/site_ruby/2.3.0
  18. /usr/local/lib/x86_64-linux-gnu/site_ruby
  19. /usr/local/lib/site_ruby
  20. /usr/lib/ruby/vendor_ruby/2.3.0
  21. /usr/lib/x86_64-linux-gnu/ruby/vendor_ruby/2.3.0
  22. /usr/lib/ruby/vendor_ruby
  23. /usr/lib/ruby/2.3.0
  24. /usr/lib/x86_64-linux-gnu/ruby/2.3.0
